<?xml version="1.0" encoding="UTF-8"?>
<!-- Generated by org.testng.reporters.JUnitReportReporter -->
<testsuite hostname="Janvi" failures="0" tests="1" name="Git_Repository.GitDemo1" time="0.009" errors="0" timestamp="2024-08-14T14:25:06 IST" skipped="0">
  <testcase classname="Git_Repository.GitDemo1" name="reverse" time="0.009"/>
  <system-out/>
</testsuite> <!-- Git_Repository.GitDemo1 -->
